U:\UNIVERSIDAD\1-2015\PARADIGMAS (L)\C#\PROGRAMA\CLASSLIBRARYC\RELEASE\CLASSLIBRARYC.PCH
U:\UNIVERSIDAD\1-2015\PARADIGMAS (L)\C#\PROGRAMA\CLASSLIBRARYC\RELEASE\STDAFX.OBJ
U:\UNIVERSIDAD\1-2015\PARADIGMAS (L)\C#\PROGRAMA\CLASSLIBRARYC\RELEASE\VC110.PDB
U:\UNIVERSIDAD\1-2015\PARADIGMAS (L)\C#\PROGRAMA\CLASSLIBRARYC\RELEASE\CLASSLIBRARYC.OBJ
U:\UNIVERSIDAD\1-2015\PARADIGMAS (L)\C#\PROGRAMA\CLASSLIBRARYC\RELEASE\ASSEMBLYINFO.OBJ
U:\UNIVERSIDAD\1-2015\PARADIGMAS (L)\C#\PROGRAMA\CLASSLIBRARYC\RELEASE\.NETFRAMEWORK,VERSION=V4.5.ASSEMBLYATTRIBUTES.OBJ
U:\Universidad\1-2015\PARADIGMAS (L)\C#\Programa\Release\ClassLibraryC.lib
U:\Universidad\1-2015\PARADIGMAS (L)\C#\Programa\Release\ClassLibraryC.exp
U:\UNIVERSIDAD\1-2015\PARADIGMAS (L)\C#\PROGRAMA\RELEASE\CLASSLIBRARYC.DLL
U:\UNIVERSIDAD\1-2015\PARADIGMAS (L)\C#\PROGRAMA\RELEASE\CLASSLIBRARYC.PDB
U:\UNIVERSIDAD\1-2015\PARADIGMAS (L)\C#\PROGRAMA\CLASSLIBRARYC\RELEASE\APP.RES
U:\Universidad\1-2015\PARADIGMAS (L)\C#\Programa\ClassLibraryC\Release\ClassLibraryC.vcxprojResolveAssemblyReference.cache
U:\Universidad\1-2015\PARADIGMAS (L)\C#\Programa\ClassLibraryC\Release\.NETFramework,Version=v4.5.AssemblyAttributes.obj
U:\Universidad\1-2015\PARADIGMAS (L)\C#\Programa\ClassLibraryC\Release\AssemblyInfo.obj
U:\Universidad\1-2015\PARADIGMAS (L)\C#\Programa\ClassLibraryC\Release\ClassLibraryC.obj
U:\Universidad\1-2015\PARADIGMAS (L)\C#\Programa\ClassLibraryC\Release\Stdafx.obj
U:\Universidad\1-2015\PARADIGMAS (L)\C#\Programa\ClassLibraryC\Release\cl.command.1.tlog
U:\Universidad\1-2015\PARADIGMAS (L)\C#\Programa\ClassLibraryC\Release\CL.read.1.tlog
U:\Universidad\1-2015\PARADIGMAS (L)\C#\Programa\ClassLibraryC\Release\CL.write.1.tlog
U:\Universidad\1-2015\PARADIGMAS (L)\C#\Programa\ClassLibraryC\Release\ClassLibraryC.write.1.tlog
U:\Universidad\1-2015\PARADIGMAS (L)\C#\Programa\ClassLibraryC\Release\link-cvtres.read.1.tlog
U:\Universidad\1-2015\PARADIGMAS (L)\C#\Programa\ClassLibraryC\Release\link-cvtres.write.1.tlog
U:\Universidad\1-2015\PARADIGMAS (L)\C#\Programa\ClassLibraryC\Release\link-rc.read.1.tlog
U:\Universidad\1-2015\PARADIGMAS (L)\C#\Programa\ClassLibraryC\Release\link-rc.write.1.tlog
U:\Universidad\1-2015\PARADIGMAS (L)\C#\Programa\ClassLibraryC\Release\link.command.1.tlog
U:\Universidad\1-2015\PARADIGMAS (L)\C#\Programa\ClassLibraryC\Release\link.read.1.tlog
U:\Universidad\1-2015\PARADIGMAS (L)\C#\Programa\ClassLibraryC\Release\link.write.1.tlog
U:\Universidad\1-2015\PARADIGMAS (L)\C#\Programa\ClassLibraryC\Release\metagen.read.1.tlog
U:\Universidad\1-2015\PARADIGMAS (L)\C#\Programa\ClassLibraryC\Release\metagen.write.1.tlog
U:\Universidad\1-2015\PARADIGMAS (L)\C#\Programa\ClassLibraryC\Release\rc.command.1.tlog
U:\Universidad\1-2015\PARADIGMAS (L)\C#\Programa\ClassLibraryC\Release\rc.read.1.tlog
U:\Universidad\1-2015\PARADIGMAS (L)\C#\Programa\ClassLibraryC\Release\rc.write.1.tlog
U:\Universidad\1-2015\PARADIGMAS (L)\C#\Programa\ClassLibraryC\Release\app.res
U:\Universidad\1-2015\PARADIGMAS (L)\C#\Programa\ClassLibraryC\Release\ClassLibraryC.pch
U:\Universidad\1-2015\PARADIGMAS (L)\C#\Programa\ClassLibraryC\Release\vc110.pdb
U:\Universidad\1-2015\PARADIGMAS (L)\C#\Programa\ClassLibraryC\Release\TZRES.DLL.bi
U:\Universidad\1-2015\PARADIGMAS (L)\C#\Programa\Release\ClassLibraryC.pdb
U:\Universidad\1-2015\PARADIGMAS (L)\C#\Programa\Release\ClassLibraryC.dll
